android/app/build/outputs/mapping/release/seeds.txt
com.aakaash.aakaash.MainActivity
com.aakaash.aakaash.WeatherWidgetProvider
com.aakaash.aakaash.MainActivity: MainActivity()
com.aakaash.aakaash.WeatherWidgetProvider: WeatherWidgetProvider()
...
androidx.work.impl.constraints.IndividualNetworkCallback$Companion: kotlin.Unit addCallback$lambda$0(kotlin.jvm.internal.Ref$BooleanRef,android.net.ConnectivityManager,androidx.work.impl.constraints.IndividualNetworkCallback)
com.google.gson.internal.reflect.UnsafeReflectionAccessor: java.lang.Object getUnsafeInstance()
androidx.glance.appwidget.proto.LayoutProto$NodeIdentity: androidx.glance.appwidget.proto.LayoutProto$NodeIdentity[] values()
io.flutter.embedding.engine.systemchannels.PlatformChannel$DeviceOrientation: io.flutter.embedding.engine.systemchannels.PlatformChannel$DeviceOrientation valueOf(java.lang.String)
androidx.work.impl.utils.ForceStopRunnable: void sleep(long)
androidx.work.impl.WorkerWrapper: androidx.work.impl.WorkDatabase access$getWorkDatabase$p(androidx.work.impl.WorkerWrapper)
com.google.gson.internal.LinkedTreeMap: java.lang.Object put(java.lang.Object,java.lang.Object)
com.google.gson.internal.bind.TypeAdapters$10: void write(com.google.gson.stream.JsonWriter,java.lang.Object)
androidx.core.app.NotificationCompat$BubbleMetadata$Api29Impl: android.app.Notification$BubbleMetadata toPlatform(androidx.core.app.NotificationCompat$BubbleMetadata)
androidx.work.impl.model.WorkSpec$WorkInfoPojo: androidx.work.Data component3()
androidx.work.WorkerParametersExtensions: androidx.work.WorkerParameters usingRemoteService(androidx.work.WorkerParameters,android.content.ComponentName)
androidx.work.impl.Schedulers: void markScheduled(androidx.work.impl.model.WorkSpecDao,androidx.work.Clock,java.util.List)
com.google.gson.internal.sql.SqlTimestampTypeAdapter: java.lang.Object read(com.google.gson.stream.JsonReader)
androidx.core.view.WindowInsetsCompat$BuilderImpl: void setTappableElementInsets(androidx.core.graphics.Insets)
com.google.gson.reflect.TypeToken: java.lang.reflect.Type getSuperclassTypeParameter(java.lang.Class)
androidx.core.view.WindowInsetsCompat$Impl34: WindowInsetsCompat$Impl34(androidx.core.view.WindowInsetsCompat,androidx.core.view.WindowInsetsCompat$Impl34)
com.github.dart_lang.jni.JniPlugin: JniPlugin()
com.google.gson.internal.bind.NumberTypeAdapter: java.lang.Object read(com.google.gson.stream.JsonReader)
androidx.work.DirectExecutor: kotlin.enums.EnumEntries getEntries()
com.google.gson.internal.LinkedTreeMap: java.util.Set entrySet()
androidx.lifecycle.ReportFragment$LifecycleCallbacks: ReportFragment$LifecycleCallbacks()
androidx.work.WorkerParametersExtensions: boolean isRemoteWorkRequest(androidx.work.WorkerParameters)
androidx.work.impl.WorkManagerImpl: void onForceStopRunnableCompleted()
com.dexterous.flutterlocalnotifications.FlutterLocalNotificationsPlugin: void deleteNotificationChannelGroup(io.flutter.plugin.common.MethodCall,io.flutter.plugin.common.MethodChannel$Result)
androidx.work.impl.model.WorkSpecDaoKt$dedup$$inlined$map$1$2: WorkSpecDaoKt$dedup$$inlined$map$1$2(kotlinx.coroutines.flow.FlowCollector)
com.google.gson.JsonElement: boolean isJsonPrimitive()
com.google.gson.internal.LinkedHashTreeMap: java.lang.Object writeReplace()
androidx.work.WorkerFactory: java.lang.Class createWorkerWithDefaultFallback$getWorkerClass(java.lang.String)
com.google.gson.internal.bind.JsonTreeReader: JsonTreeReader(com.google.gson.JsonElement)
androidx.glance.appwidget.protobuf.JavaType: androidx.glance.appwidget.protobuf.JavaType valueOf(java.lang.String)
androidx.work.impl.model.WorkSpecDao_Impl: java.util.List getEligibleWorkForScheduling$lambda$25(java.lang.String,int,androidx.sqlite.SQLiteConnection)
androidx.core.view.WindowInsetsCompat$Impl20: androidx.core.graphics.Insets getSystemWindowInsets()
com.google.gson.reflect.TypeToken: java.lang.reflect.Type getType()
dev.fluttercommunity.workmanager.pigeon.ExistingPeriodicWorkPolicy: dev.fluttercommunity.workmanager.pigeon.ExistingPeriodicWorkPolicy[] values()
androidx.lifecycle.LifecycleService: void onStart(android.content.Intent,int)