android/app/build/outputs/mapping/release/mapping.txt
# compiler: R8
# compiler_version: 9.0.32
# min_api: 24
# common_typos_disable
# {"id":"com.android.tools.r8.mapping","version":"2.2"}
# pg_map_id: 862af60f98d157529c01ef4966b1c1c168bdf9f881f4ec03b7475477db7567e1
# pg_map_hash: SHA-256 862af60f98d157529c01ef4966b1c1c168bdf9f881f4ec03b7475477db7567e1
com.aakaash.aakaash.MainActivity -> com.aakaash.aakaash.MainActivity:
# {"id":"sourceFile","fileName":"MainActivity.kt"}
    1:4:void <init>():5:5 -> <init>
com.aakaash.aakaash.WeatherWidgetProvider -> com.aakaash.aakaash.WeatherWidgetProvider:
# {"id":"sourceFile","fileName":"WeatherWidgetProvider.kt"}
    1:4:void es.antonborri.home_widget.HomeWidgetProvider.<init>():8:8 -> <init>
    1:4:void <init>():9 -> <init>
    4:6:void es.antonborri.home_widget.HomeWidgetProvider.onEnabled(android.content.Context):17:17 -> onEnabled
    7:12:void es.antonborri.home_widget.HomeWidgetProvider.onEnabled(android.content.Context):18:18 -> onEnabled
    13:19:java.util.List es.antonborri.home_widget.HomeWidgetScheduler.loadTimes(android.content.Context,java.lang.String):261:261 -> onEnabled
    13:19:void es.antonborri.home_widget.HomeWidgetScheduler.pruneAndArmNext(android.content.Context,java.lang.String,boolean):94 -> onEnabled
    13:19:void es.antonborri.home_widget.HomeWidgetProvider.onEnabled(android.content.Context):18 -> onEnabled
    20:30:java.util.List es.antonborri.home_widget.HomeWidgetScheduler.loadTimes(android.content.Context,java.lang.String):262:262 -> onEnabled
    20:30:void es.antonborri.home_widget.HomeWidgetScheduler.pruneAndArmNext(android.content.Context,java.lang.String,boolean):94 -> onEnabled
    20:30:void es.antonborri.home_widget.HomeWidgetProvider.onEnabled(android.content.Context):18 -> onEnabled
    31:35:java.util.List es.antonborri.home_widget.HomeWidgetScheduler.loadTimes(android.content.Context,java.lang.String):260:260 -> onEnabled
...
io.flutter.embedding.engine.dart.DartMessenger$HandlerInfo -> e3.f:
# {"id":"sourceFile","fileName":"DartMessenger.java"}
    io.flutter.plugin.common.BinaryMessenger$BinaryMessageHandler handler -> a
      # {"id":"com.android.tools.r8.residualsignature","signature":"Ln3/d;"}
    io.flutter.embedding.engine.dart.DartMessenger$DartMessengerTaskQueue taskQueue -> b
      # {"id":"com.android.tools.r8.residualsignature","signature":"Le3/e;"}
    1:3:void <init>(io.flutter.plugin.common.BinaryMessenger$BinaryMessageHandler,io.flutter.embedding.engine.dart.DartMessenger$DartMessengerTaskQueue):111:111 -> <init>
      # {"id":"com.android.tools.r8.residualsignature","signature":"(Ln3/d;Le3/e;)V"}
    4:5:void <init>(io.flutter.plugin.common.BinaryMessenger$BinaryMessageHandler,io.flutter.embedding.engine.dart.DartMessenger$DartMessengerTaskQueue):112:112 -> <init>
    6:8:void <init>(io.flutter.plugin.common.BinaryMessenger$BinaryMessageHandler,io.flutter.embedding.engine.dart.DartMessenger$DartMessengerTaskQueue):113:113 -> <init>
io.flutter.embedding.engine.dart.DartMessenger$Reply -> e3.g:
# {"id":"sourceFile","fileName":"DartMessenger.java"}
    io.flutter.embedding.engine.FlutterJNI flutterJNI -> a
    int replyId -> b
    java.util.concurrent.atomic.AtomicBoolean done -> c
    1:3:void <init>(io.flutter.embedding.engine.FlutterJNI,int):417:417 -> <init>
    4:11:void <init>(io.flutter.embedding.engine.FlutterJNI,int):415:415 -> <init>
    12:13:void <init>(io.flutter.embedding.engine.FlutterJNI,int):418:418 -> <init>
    14:16:void <init>(io.flutter.embedding.engine.FlutterJNI,int):419:419 -> <init>
    1:9:void reply(java.nio.ByteBuffer):424:424 -> a
    10:15:void reply(java.nio.ByteBuffer):427:427 -> a
    16:19:void reply(java.nio.ByteBuffer):428:428 -> a
    20:27:void reply(java.nio.ByteBuffer):430:430 -> a
    28:33:void reply(java.nio.ByteBuffer):425:425 -> a
io.flutter.embedding.engine.dart.DartMessenger$SerialTaskQueue -> e3.h:
# {"id":"sourceFile","fileName":"DartMessenger.java"}
    java.util.concurrent.ExecutorService executor -> a
    java.util.concurrent.ConcurrentLinkedQueue queue -> b
    java.util.concurrent.atomic.AtomicBoolean isRunning -> c
    1:3:void <init>(java.util.concurrent.ExecutorService):152:152 -> <init>
    4:5:void <init>(java.util.concurrent.ExecutorService):153:153 -> <init>
    6:12:void <init>(java.util.concurrent.ExecutorService):154:154 -> <init>
    13:21:void <init>(java.util.concurrent.ExecutorService):155:155 -> <init>
    1:5:void dispatch(java.lang.Runnable):160:160 -> a
      # {"id":"com.android.tools.r8.residualsignature","signature":"(Le3/c;)V"}
    6:17:void dispatch(java.lang.Runnable):161:161 -> a
io.flutter.embedding.engine.dart.PlatformMessageHandler -> e3.j:
# {"id":"sourceFile","fileName":"PlatformMessageHandler.java"}
io.flutter.embedding.engine.dart.PlatformTaskQueue -> e3.k:
# {"id":"sourceFile","fileName":"PlatformTaskQueue.java"}
    android.os.Handler handler -> a
    1:3:void <init>():13:13 -> <init>
    4:14:void <init>():16:16 -> <init>
    1:6:void dispatch(java.lang.Runnable):20:20 -> a
      # {"id":"com.android.tools.r8.residualsignature","signature":"(Le3/c;)V"}
io.flutter.embedding.engine.deferredcomponents.DeferredComponentManager -> f3.a:
# {"id":"sourceFile","fileName":"DeferredComponentManager.java"}
    void setJNI(io.flutter.embedding.engine.FlutterJNI) -> a
      # {"id":"com.android.tools.r8.residualsignature","signature":"()V"}
io.flutter.embedding.engine.image.BitmapMetadataReader -> R8$$REMOVED$$CLASS$$226:
# {"id":"sourceFile","fileName":"BitmapMetadataReader.java"}
io.flutter.embedding.engine.image.ExifMetadataReader -> R8$$REMOVED$$CLASS$$227:
# {"id":"sourceFile","fileName":"ExifMetadataReader.java"}
io.flutter.embedding.engine.image.FlutterImageDecoder -> R8$$REMOVED$$CLASS$$228:
# {"id":"sourceFile","fileName":"FlutterImageDecoder.java"}